<?xml version="1.0" encoding="UTF-8"?>
<!-- Generated by org.testng.reporters.JUnitReportReporter -->
<testsuite hostname="DELLXPS" failures="0" tests="1" name="practice.TestNG1" time="0.006" errors="0" timestamp="2023-08-10T08:22:38 IST" skipped="0">
  <testcase classname="practice.TestNG1" name="m1" time="0.006"/>
  <system-out/>
</testsuite> <!-- practice.TestNG1 -->
