<?xml version="1.0" encoding="UTF-8"?>
<!-- Generated by org.testng.reporters.JUnitReportReporter -->
<testsuite hostname="DELLXPS" failures="0" tests="1" name="campaigns.CreateCampaignWithProduct" time="15.052" errors="0" timestamp="2023-08-17T10:55:14 IST" skipped="0">
  <testcase classname="campaigns.CreateCampaignWithProduct" name="CreateCampaignWithProduct" time="15.052"/>
  <system-out/>
</testsuite> <!-- campaigns.CreateCampaignWithProduct -->
