<?xml version="1.0" encoding="UTF-8"?>
<!-- Generated by org.testng.reporters.JUnitReportReporter -->
<testsuite hostname="DELLXPS" failures="0" tests="1" name="practice.DataProvider2" time="0.000" errors="0" timestamp="2023-08-16T13:32:02 IST" skipped="1">
  <testcase classname="practice.DataProvider2" name="vtiger" time="0.000">
    <skipped/>
  </testcase> <!-- vtiger -->
  <system-out/>
</testsuite> <!-- practice.DataProvider2 -->
