<?xml version="1.0" encoding="UTF-8"?>
<!-- Generated by org.testng.reporters.JUnitReportReporter -->
<testsuite hostname="DELLXPS" failures="0" tests="1" name="practice.DataProviderEx" time="0.000" errors="0" timestamp="2023-08-16T13:30:34 IST" skipped="1">
  <testcase classname="practice.DataProviderEx" name="booktickets" time="0.000">
    <skipped/>
  </testcase> <!-- booktickets -->
  <system-out/>
</testsuite> <!-- practice.DataProviderEx -->
